INFO: [VRFC 10-2263] Analyzing Verilog file "C:/Users/Frank Andes/Documents/VScode_VHDL/DSD2-Lab5/VerToVhdl/VerToVhdl.sim/sim_1/synth/timing/xsim/MemoryStage_tb_time_synth.v" into library xil_defaultlib
INFO: [VRFC 10-311] analyzing module RAM256X1S_UNIQ_BASE_
INFO: [VRFC 10-311] analyzing module RAM256X1S_HD509
INFO: [VRFC 10-311] analyzing module RAM256X1S_HD510
INFO: [VRFC 10-311] analyzing module RAM256X1S_HD511
INFO: [VRFC 10-311] analyzing module RAM256X1S_HD512
INFO: [VRFC 10-311] analyzing module RAM256X1S_HD513
INFO: [VRFC 10-311] analyzing module RAM256X1S_HD514
INFO: [VRFC 10-311] analyzing module RAM256X1S_HD515
INFO: [VRFC 10-311] analyzing module RAM256X1S_HD516
INFO: [VRFC 10-311] analyzing module RAM256X1S_HD517
INFO: [VRFC 10-311] analyzing module RAM256X1S_HD518
INFO: [VRFC 10-311] analyzing module RAM256X1S_HD519
INFO: [VRFC 10-311] analyzing module RAM256X1S_HD520
INFO: [VRFC 10-311] analyzing module RAM256X1S_HD521
INFO: [VRFC 10-311] analyzing module RAM256X1S_HD522
INFO: [VRFC 10-311] analyzing module RAM256X1S_HD523
INFO: [VRFC 10-311] analyzing module RAM256X1S_HD524
INFO: [VRFC 10-311] analyzing module RAM256X1S_HD525
INFO: [VRFC 10-311] analyzing module RAM256X1S_HD526
INFO: [VRFC 10-311] analyzing module RAM256X1S_HD527
INFO: [VRFC 10-311] analyzing module RAM256X1S_HD528
INFO: [VRFC 10-311] analyzing module RAM256X1S_HD529
INFO: [VRFC 10-311] analyzing module RAM256X1S_HD530
INFO: [VRFC 10-311] analyzing module RAM256X1S_HD531
INFO: [VRFC 10-311] analyzing module RAM256X1S_HD532
INFO: [VRFC 10-311] analyzing module RAM256X1S_HD533
INFO: [VRFC 10-311] analyzing module RAM256X1S_HD534
INFO: [VRFC 10-311] analyzing module RAM256X1S_HD535
INFO: [VRFC 10-311] analyzing module RAM256X1S_HD536
INFO: [VRFC 10-311] analyzing module RAM256X1S_HD537
INFO: [VRFC 10-311] analyzing module RAM256X1S_HD538
INFO: [VRFC 10-311] analyzing module RAM256X1S_HD539
INFO: [VRFC 10-311] analyzing module RAM256X1S_HD540
INFO: [VRFC 10-311] analyzing module RAM256X1S_HD541
INFO: [VRFC 10-311] analyzing module RAM256X1S_HD542
INFO: [VRFC 10-311] analyzing module RAM256X1S_HD543
INFO: [VRFC 10-311] analyzing module RAM256X1S_HD544
INFO: [VRFC 10-311] analyzing module RAM256X1S_HD545
INFO: [VRFC 10-311] analyzing module RAM256X1S_HD546
INFO: [VRFC 10-311] analyzing module RAM256X1S_HD547
INFO: [VRFC 10-311] analyzing module RAM256X1S_HD548
INFO: [VRFC 10-311] analyzing module RAM256X1S_HD549
INFO: [VRFC 10-311] analyzing module RAM256X1S_HD550
INFO: [VRFC 10-311] analyzing module RAM256X1S_HD551
INFO: [VRFC 10-311] analyzing module RAM256X1S_HD552
INFO: [VRFC 10-311] analyzing module RAM256X1S_HD553
INFO: [VRFC 10-311] analyzing module RAM256X1S_HD554
INFO: [VRFC 10-311] analyzing module RAM256X1S_HD555
INFO: [VRFC 10-311] analyzing module RAM256X1S_HD556
INFO: [VRFC 10-311] analyzing module RAM256X1S_HD557
INFO: [VRFC 10-311] analyzing module RAM256X1S_HD558
INFO: [VRFC 10-311] analyzing module RAM256X1S_HD559
INFO: [VRFC 10-311] analyzing module RAM256X1S_HD560
INFO: [VRFC 10-311] analyzing module RAM256X1S_HD561
INFO: [VRFC 10-311] analyzing module RAM256X1S_HD562
INFO: [VRFC 10-311] analyzing module RAM256X1S_HD563
INFO: [VRFC 10-311] analyzing module RAM256X1S_HD564
INFO: [VRFC 10-311] analyzing module RAM256X1S_HD565
INFO: [VRFC 10-311] analyzing module RAM256X1S_HD566
INFO: [VRFC 10-311] analyzing module RAM256X1S_HD567
INFO: [VRFC 10-311] analyzing module RAM256X1S_HD568
INFO: [VRFC 10-311] analyzing module RAM256X1S_HD569
INFO: [VRFC 10-311] analyzing module RAM256X1S_HD570
INFO: [VRFC 10-311] analyzing module RAM256X1S_HD571
INFO: [VRFC 10-311] analyzing module RAM256X1S_HD572
INFO: [VRFC 10-311] analyzing module RAM256X1S_HD573
INFO: [VRFC 10-311] analyzing module RAM256X1S_HD574
INFO: [VRFC 10-311] analyzing module RAM256X1S_HD575
INFO: [VRFC 10-311] analyzing module RAM256X1S_HD576
INFO: [VRFC 10-311] analyzing module RAM256X1S_HD577
INFO: [VRFC 10-311] analyzing module RAM256X1S_HD578
INFO: [VRFC 10-311] analyzing module RAM256X1S_HD579
INFO: [VRFC 10-311] analyzing module RAM256X1S_HD580
INFO: [VRFC 10-311] analyzing module RAM256X1S_HD581
INFO: [VRFC 10-311] analyzing module RAM256X1S_HD582
INFO: [VRFC 10-311] analyzing module RAM256X1S_HD583
INFO: [VRFC 10-311] analyzing module RAM256X1S_HD584
INFO: [VRFC 10-311] analyzing module RAM256X1S_HD585
INFO: [VRFC 10-311] analyzing module RAM256X1S_HD586
INFO: [VRFC 10-311] analyzing module RAM256X1S_HD587
INFO: [VRFC 10-311] analyzing module RAM256X1S_HD588
INFO: [VRFC 10-311] analyzing module RAM256X1S_HD589
INFO: [VRFC 10-311] analyzing module RAM256X1S_HD590
INFO: [VRFC 10-311] analyzing module RAM256X1S_HD591
INFO: [VRFC 10-311] analyzing module RAM256X1S_HD592
INFO: [VRFC 10-311] analyzing module RAM256X1S_HD593
INFO: [VRFC 10-311] analyzing module RAM256X1S_HD594
INFO: [VRFC 10-311] analyzing module RAM256X1S_HD595
INFO: [VRFC 10-311] analyzing module RAM256X1S_HD596
INFO: [VRFC 10-311] analyzing module RAM256X1S_HD597
INFO: [VRFC 10-311] analyzing module RAM256X1S_HD598
INFO: [VRFC 10-311] analyzing module RAM256X1S_HD599
INFO: [VRFC 10-311] analyzing module RAM256X1S_HD600
INFO: [VRFC 10-311] analyzing module RAM256X1S_HD601
INFO: [VRFC 10-311] analyzing module RAM256X1S_HD602
INFO: [VRFC 10-311] analyzing module RAM256X1S_HD603
INFO: [VRFC 10-311] analyzing module RAM256X1S_HD604
INFO: [VRFC 10-311] analyzing module RAM256X1S_HD605
INFO: [VRFC 10-311] analyzing module RAM256X1S_HD606
INFO: [VRFC 10-311] analyzing module RAM256X1S_HD607
INFO: [VRFC 10-311] analyzing module RAM256X1S_HD608
INFO: [VRFC 10-311] analyzing module RAM256X1S_HD609
INFO: [VRFC 10-311] analyzing module RAM256X1S_HD610
INFO: [VRFC 10-311] analyzing module RAM256X1S_HD611
INFO: [VRFC 10-311] analyzing module RAM256X1S_HD612
INFO: [VRFC 10-311] analyzing module RAM256X1S_HD613
INFO: [VRFC 10-311] analyzing module RAM256X1S_HD614
INFO: [VRFC 10-311] analyzing module RAM256X1S_HD615
INFO: [VRFC 10-311] analyzing module RAM256X1S_HD616
INFO: [VRFC 10-311] analyzing module RAM256X1S_HD617
INFO: [VRFC 10-311] analyzing module RAM256X1S_HD618
INFO: [VRFC 10-311] analyzing module RAM256X1S_HD619
INFO: [VRFC 10-311] analyzing module RAM256X1S_HD620
INFO: [VRFC 10-311] analyzing module RAM256X1S_HD621
INFO: [VRFC 10-311] analyzing module RAM256X1S_HD622
INFO: [VRFC 10-311] analyzing module RAM256X1S_HD623
INFO: [VRFC 10-311] analyzing module RAM256X1S_HD624
INFO: [VRFC 10-311] analyzing module RAM256X1S_HD625
INFO: [VRFC 10-311] analyzing module RAM256X1S_HD626
INFO: [VRFC 10-311] analyzing module RAM256X1S_HD627
INFO: [VRFC 10-311] analyzing module RAM256X1S_HD628
INFO: [VRFC 10-311] analyzing module RAM256X1S_HD629
INFO: [VRFC 10-311] analyzing module RAM256X1S_HD630
INFO: [VRFC 10-311] analyzing module RAM256X1S_HD631
INFO: [VRFC 10-311] analyzing module RAM256X1S_HD632
INFO: [VRFC 10-311] analyzing module RAM256X1S_HD633
INFO: [VRFC 10-311] analyzing module RAM256X1S_HD634
INFO: [VRFC 10-311] analyzing module RAM256X1S_HD635
INFO: [VRFC 10-311] analyzing module MemoryStage
INFO: [VRFC 10-311] analyzing module SevenSegController
INFO: [VRFC 10-311] analyzing module data_memory
INFO: [VRFC 10-311] analyzing module glbl
INFO: [VRFC 10-163] Analyzing VHDL file "C:/Users/Frank Andes/Documents/VScode_VHDL/DSD2-Lab5/VerToVhdl/VerToVhdl.srcs/sim_1/new/MemoryStageTB.vhd" into library xil_defaultlib
INFO: [VRFC 10-3107] analyzing entity 'MemoryStage_tb'
