Vivado Simulator v2022.2
Copyright 1986-1999, 2001-2022 Xilinx, Inc. All Rights Reserved.
Running: C:/Xilinx/Vivado/2022.2/bin/unwrapped/win64.o/xelab.exe --incr --debug typical --relax --mt 2 --maxdelay -L xil_defaultlib -L simprims_ver -L secureip --snapshot MemoryStage_tb_time_synth -transport_int_delays -pulse_r 0 -pulse_int_r 0 -pulse_e 0 -pulse_int_e 0 xil_defaultlib.MemoryStage_tb xil_defaultlib.glbl -log elaborate.log 
Using 2 slave threads.
Starting static elaboration
Pass Through NonSizing Optimizer
Completed static elaboration
Starting simulation data flow analysis
Completed simulation data flow analysis
INFO: [XSIM 43-3451] SDF backannotation process started with SDF file "MemoryStage_tb_time_synth.sdf", for root module "MemoryStage_tb/uut".
INFO: [XSIM 43-3452] SDF backannotation was successful for SDF file "MemoryStage_tb_time_synth.sdf", for root module "MemoryStage_tb/uut".
Time Resolution for simulation is 1ps
Compiling package std.standard
Compiling package std.textio
Compiling package ieee.std_logic_1164
Compiling package ieee.numeric_std
Compiling package vl.vl_types
Compiling module xil_defaultlib.glbl
Compiling module simprims_ver.OBUF
Compiling module simprims_ver.IBUF
Compiling module simprims_ver.BUFG
Compiling module simprims_ver.LUT6
Compiling module simprims_ver.LUT4
Compiling module simprims_ver.x_lut2_mux4
Compiling module simprims_ver.LUT2
Compiling module simprims_ver.FDRE_default
Compiling module simprims_ver.MUXF7
Compiling module simprims_ver.MUXF8
Compiling module simprims_ver.RAMS64E
Compiling module xil_defaultlib.RAM256X1S_UNIQ_BASE_
Compiling module simprims_ver.x_lut3_mux8
Compiling module simprims_ver.LUT3
Compiling module xil_defaultlib.RAM256X1S_HD509
Compiling module xil_defaultlib.RAM256X1S_HD510
Compiling module xil_defaultlib.RAM256X1S_HD511
Compiling module xil_defaultlib.RAM256X1S_HD512
Compiling module xil_defaultlib.RAM256X1S_HD513
Compiling module xil_defaultlib.RAM256X1S_HD514
Compiling module xil_defaultlib.RAM256X1S_HD515
Compiling module xil_defaultlib.RAM256X1S_HD516
Compiling module xil_defaultlib.RAM256X1S_HD517
Compiling module xil_defaultlib.RAM256X1S_HD518
Compiling module xil_defaultlib.RAM256X1S_HD519
Compiling module xil_defaultlib.RAM256X1S_HD520
Compiling module xil_defaultlib.RAM256X1S_HD521
Compiling module xil_defaultlib.RAM256X1S_HD522
Compiling module xil_defaultlib.RAM256X1S_HD523
Compiling module xil_defaultlib.RAM256X1S_HD524
Compiling module xil_defaultlib.RAM256X1S_HD525
Compiling module xil_defaultlib.RAM256X1S_HD526
Compiling module xil_defaultlib.RAM256X1S_HD527
Compiling module xil_defaultlib.RAM256X1S_HD528
Compiling module xil_defaultlib.RAM256X1S_HD529
Compiling module xil_defaultlib.RAM256X1S_HD530
Compiling module xil_defaultlib.RAM256X1S_HD531
Compiling module xil_defaultlib.RAM256X1S_HD532
Compiling module xil_defaultlib.RAM256X1S_HD533
Compiling module xil_defaultlib.RAM256X1S_HD534
Compiling module xil_defaultlib.RAM256X1S_HD535
Compiling module xil_defaultlib.RAM256X1S_HD536
Compiling module xil_defaultlib.RAM256X1S_HD537
Compiling module xil_defaultlib.RAM256X1S_HD538
Compiling module xil_defaultlib.RAM256X1S_HD539
Compiling module xil_defaultlib.RAM256X1S_HD540
Compiling module xil_defaultlib.RAM256X1S_HD541
Compiling module xil_defaultlib.RAM256X1S_HD542
Compiling module xil_defaultlib.RAM256X1S_HD543
Compiling module xil_defaultlib.RAM256X1S_HD544
Compiling module xil_defaultlib.RAM256X1S_HD545
Compiling module xil_defaultlib.RAM256X1S_HD546
Compiling module xil_defaultlib.RAM256X1S_HD547
Compiling module xil_defaultlib.RAM256X1S_HD548
Compiling module xil_defaultlib.RAM256X1S_HD549
Compiling module xil_defaultlib.RAM256X1S_HD550
Compiling module xil_defaultlib.RAM256X1S_HD551
Compiling module xil_defaultlib.RAM256X1S_HD552
Compiling module xil_defaultlib.RAM256X1S_HD553
Compiling module xil_defaultlib.RAM256X1S_HD554
Compiling module xil_defaultlib.RAM256X1S_HD555
Compiling module xil_defaultlib.RAM256X1S_HD556
Compiling module xil_defaultlib.RAM256X1S_HD557
Compiling module xil_defaultlib.RAM256X1S_HD558
Compiling module xil_defaultlib.RAM256X1S_HD559
Compiling module xil_defaultlib.RAM256X1S_HD560
Compiling module xil_defaultlib.RAM256X1S_HD561
Compiling module xil_defaultlib.RAM256X1S_HD562
Compiling module xil_defaultlib.RAM256X1S_HD563
Compiling module xil_defaultlib.RAM256X1S_HD564
Compiling module xil_defaultlib.RAM256X1S_HD565
Compiling module xil_defaultlib.RAM256X1S_HD566
Compiling module xil_defaultlib.RAM256X1S_HD567
Compiling module xil_defaultlib.RAM256X1S_HD568
Compiling module xil_defaultlib.RAM256X1S_HD569
Compiling module xil_defaultlib.RAM256X1S_HD570
Compiling module xil_defaultlib.RAM256X1S_HD571
Compiling module xil_defaultlib.RAM256X1S_HD572
Compiling module xil_defaultlib.RAM256X1S_HD573
Compiling module xil_defaultlib.RAM256X1S_HD574
Compiling module xil_defaultlib.RAM256X1S_HD575
Compiling module xil_defaultlib.RAM256X1S_HD576
Compiling module xil_defaultlib.RAM256X1S_HD577
Compiling module xil_defaultlib.RAM256X1S_HD578
Compiling module xil_defaultlib.RAM256X1S_HD579
Compiling module xil_defaultlib.RAM256X1S_HD580
Compiling module xil_defaultlib.RAM256X1S_HD581
Compiling module xil_defaultlib.RAM256X1S_HD582
Compiling module xil_defaultlib.RAM256X1S_HD583
Compiling module xil_defaultlib.RAM256X1S_HD584
Compiling module xil_defaultlib.RAM256X1S_HD585
Compiling module xil_defaultlib.RAM256X1S_HD586
Compiling module xil_defaultlib.RAM256X1S_HD587
Compiling module xil_defaultlib.RAM256X1S_HD588
Compiling module xil_defaultlib.RAM256X1S_HD589
Compiling module xil_defaultlib.RAM256X1S_HD590
Compiling module xil_defaultlib.RAM256X1S_HD591
Compiling module xil_defaultlib.RAM256X1S_HD592
Compiling module xil_defaultlib.RAM256X1S_HD593
Compiling module xil_defaultlib.RAM256X1S_HD594
Compiling module xil_defaultlib.RAM256X1S_HD595
Compiling module xil_defaultlib.RAM256X1S_HD596
Compiling module xil_defaultlib.RAM256X1S_HD597
Compiling module xil_defaultlib.RAM256X1S_HD598
Compiling module xil_defaultlib.RAM256X1S_HD599
Compiling module xil_defaultlib.RAM256X1S_HD600
Compiling module xil_defaultlib.RAM256X1S_HD601
Compiling module xil_defaultlib.RAM256X1S_HD602
Compiling module xil_defaultlib.RAM256X1S_HD603
Compiling module xil_defaultlib.RAM256X1S_HD604
Compiling module xil_defaultlib.RAM256X1S_HD605
Compiling module xil_defaultlib.RAM256X1S_HD606
Compiling module xil_defaultlib.RAM256X1S_HD607
Compiling module xil_defaultlib.RAM256X1S_HD608
Compiling module xil_defaultlib.RAM256X1S_HD609
Compiling module xil_defaultlib.RAM256X1S_HD610
Compiling module xil_defaultlib.RAM256X1S_HD611
Compiling module xil_defaultlib.RAM256X1S_HD612
Compiling module xil_defaultlib.RAM256X1S_HD613
Compiling module xil_defaultlib.RAM256X1S_HD614
Compiling module xil_defaultlib.RAM256X1S_HD615
Compiling module xil_defaultlib.RAM256X1S_HD616
Compiling module xil_defaultlib.RAM256X1S_HD617
Compiling module xil_defaultlib.RAM256X1S_HD618
Compiling module xil_defaultlib.RAM256X1S_HD619
Compiling module xil_defaultlib.RAM256X1S_HD620
Compiling module xil_defaultlib.RAM256X1S_HD621
Compiling module xil_defaultlib.RAM256X1S_HD622
Compiling module xil_defaultlib.RAM256X1S_HD623
Compiling module xil_defaultlib.RAM256X1S_HD624
Compiling module xil_defaultlib.RAM256X1S_HD625
Compiling module xil_defaultlib.RAM256X1S_HD626
Compiling module xil_defaultlib.RAM256X1S_HD627
Compiling module xil_defaultlib.RAM256X1S_HD628
Compiling module xil_defaultlib.RAM256X1S_HD629
Compiling module xil_defaultlib.RAM256X1S_HD630
Compiling module xil_defaultlib.RAM256X1S_HD631
Compiling module xil_defaultlib.RAM256X1S_HD632
Compiling module xil_defaultlib.RAM256X1S_HD633
Compiling module xil_defaultlib.RAM256X1S_HD634
Compiling module xil_defaultlib.RAM256X1S_HD635
Compiling module xil_defaultlib.data_memory
Compiling module simprims_ver.x_lut1_mux2
Compiling module simprims_ver.LUT1(INIT=2'b01)
Compiling module simprims_ver.FDCE_default
Compiling module simprims_ver.CARRY4
Compiling module xil_defaultlib.SevenSegController
Compiling module xil_defaultlib.MemoryStage
Compiling architecture behavioral of entity xil_defaultlib.memorystage_tb
Built simulation snapshot MemoryStage_tb_time_synth
