Vivado Simulator v2022.2
Copyright 1986-1999, 2001-2022 Xilinx, Inc. All Rights Reserved.
Running: C:/Xilinx/Vivado/2022.2/bin/unwrapped/win64.o/xelab.exe --incr --debug typical --relax --mt 2 --maxdelay -L xil_defaultlib -L simprims_ver -L secureip --snapshot MemoryStage_tb_time_impl -transport_int_delays -pulse_r 0 -pulse_int_r 0 -pulse_e 0 -pulse_int_e 0 xil_defaultlib.MemoryStage_tb xil_defaultlib.glbl -log elaborate.log 
Using 2 slave threads.
Starting static elaboration
Pass Through NonSizing Optimizer
Completed static elaboration
Starting simulation data flow analysis
Completed simulation data flow analysis
INFO: [XSIM 43-3451] SDF backannotation process started with SDF file "MemoryStage_tb_time_impl.sdf", for root module "MemoryStage_tb/uut".
INFO: [XSIM 43-3452] SDF backannotation was successful for SDF file "MemoryStage_tb_time_impl.sdf", for root module "MemoryStage_tb/uut".
Time Resolution for simulation is 1ps
Compiling package std.standard
Compiling package std.textio
Compiling package ieee.std_logic_1164
Compiling package ieee.numeric_std
Compiling package vl.vl_types
Compiling module xil_defaultlib.glbl
Compiling module simprims_ver.LUT6
Compiling module simprims_ver.LUT4
Compiling module simprims_ver.x_lut2_mux4
Compiling module simprims_ver.LUT2
Compiling module simprims_ver.FDRE_default
Compiling module simprims_ver.MUXF7
Compiling module simprims_ver.MUXF8
Compiling module simprims_ver.RAMS64E
Compiling module xil_defaultlib.RAM256X1S_UNIQ_BASE_
Compiling module simprims_ver.x_lut3_mux8
Compiling module simprims_ver.LUT3
Compiling module xil_defaultlib.RAM256X1S_HD636
Compiling module xil_defaultlib.RAM256X1S_HD637
Compiling module xil_defaultlib.RAM256X1S_HD638
Compiling module xil_defaultlib.RAM256X1S_HD639
Compiling module xil_defaultlib.RAM256X1S_HD640
Compiling module xil_defaultlib.RAM256X1S_HD641
Compiling module xil_defaultlib.RAM256X1S_HD642
Compiling module xil_defaultlib.RAM256X1S_HD643
Compiling module xil_defaultlib.RAM256X1S_HD644
Compiling module xil_defaultlib.RAM256X1S_HD645
Compiling module xil_defaultlib.RAM256X1S_HD646
Compiling module xil_defaultlib.RAM256X1S_HD647
Compiling module xil_defaultlib.RAM256X1S_HD648
Compiling module xil_defaultlib.RAM256X1S_HD649
Compiling module xil_defaultlib.RAM256X1S_HD650
Compiling module xil_defaultlib.RAM256X1S_HD651
Compiling module xil_defaultlib.RAM256X1S_HD652
Compiling module xil_defaultlib.RAM256X1S_HD653
Compiling module xil_defaultlib.RAM256X1S_HD654
Compiling module xil_defaultlib.RAM256X1S_HD655
Compiling module xil_defaultlib.RAM256X1S_HD656
Compiling module xil_defaultlib.RAM256X1S_HD657
Compiling module xil_defaultlib.RAM256X1S_HD658
Compiling module xil_defaultlib.RAM256X1S_HD659
Compiling module xil_defaultlib.RAM256X1S_HD660
Compiling module xil_defaultlib.RAM256X1S_HD661
Compiling module xil_defaultlib.RAM256X1S_HD662
Compiling module xil_defaultlib.RAM256X1S_HD663
Compiling module xil_defaultlib.RAM256X1S_HD664
Compiling module xil_defaultlib.RAM256X1S_HD665
Compiling module xil_defaultlib.RAM256X1S_HD666
Compiling module xil_defaultlib.RAM256X1S_HD667
Compiling module xil_defaultlib.RAM256X1S_HD668
Compiling module xil_defaultlib.RAM256X1S_HD669
Compiling module xil_defaultlib.RAM256X1S_HD670
Compiling module xil_defaultlib.RAM256X1S_HD671
Compiling module xil_defaultlib.RAM256X1S_HD672
Compiling module xil_defaultlib.RAM256X1S_HD673
Compiling module xil_defaultlib.RAM256X1S_HD674
Compiling module xil_defaultlib.RAM256X1S_HD675
Compiling module xil_defaultlib.RAM256X1S_HD676
Compiling module xil_defaultlib.RAM256X1S_HD677
Compiling module xil_defaultlib.RAM256X1S_HD678
Compiling module xil_defaultlib.RAM256X1S_HD679
Compiling module xil_defaultlib.RAM256X1S_HD680
Compiling module xil_defaultlib.RAM256X1S_HD681
Compiling module xil_defaultlib.RAM256X1S_HD682
Compiling module xil_defaultlib.RAM256X1S_HD683
Compiling module xil_defaultlib.RAM256X1S_HD684
Compiling module xil_defaultlib.RAM256X1S_HD685
Compiling module xil_defaultlib.RAM256X1S_HD686
Compiling module xil_defaultlib.RAM256X1S_HD687
Compiling module xil_defaultlib.RAM256X1S_HD688
Compiling module xil_defaultlib.RAM256X1S_HD689
Compiling module xil_defaultlib.RAM256X1S_HD690
Compiling module xil_defaultlib.RAM256X1S_HD691
Compiling module xil_defaultlib.RAM256X1S_HD692
Compiling module xil_defaultlib.RAM256X1S_HD693
Compiling module xil_defaultlib.RAM256X1S_HD694
Compiling module xil_defaultlib.RAM256X1S_HD695
Compiling module xil_defaultlib.RAM256X1S_HD696
Compiling module xil_defaultlib.RAM256X1S_HD697
Compiling module xil_defaultlib.RAM256X1S_HD698
Compiling module xil_defaultlib.RAM256X1S_HD699
Compiling module xil_defaultlib.RAM256X1S_HD700
Compiling module xil_defaultlib.RAM256X1S_HD701
Compiling module xil_defaultlib.RAM256X1S_HD702
Compiling module xil_defaultlib.RAM256X1S_HD703
Compiling module xil_defaultlib.RAM256X1S_HD704
Compiling module xil_defaultlib.RAM256X1S_HD705
Compiling module xil_defaultlib.RAM256X1S_HD706
Compiling module xil_defaultlib.RAM256X1S_HD707
Compiling module xil_defaultlib.RAM256X1S_HD708
Compiling module xil_defaultlib.RAM256X1S_HD709
Compiling module xil_defaultlib.RAM256X1S_HD710
Compiling module xil_defaultlib.RAM256X1S_HD711
Compiling module xil_defaultlib.RAM256X1S_HD712
Compiling module xil_defaultlib.RAM256X1S_HD713
Compiling module xil_defaultlib.RAM256X1S_HD714
Compiling module xil_defaultlib.RAM256X1S_HD715
Compiling module xil_defaultlib.RAM256X1S_HD716
Compiling module xil_defaultlib.RAM256X1S_HD717
Compiling module xil_defaultlib.RAM256X1S_HD718
Compiling module xil_defaultlib.RAM256X1S_HD719
Compiling module xil_defaultlib.RAM256X1S_HD720
Compiling module xil_defaultlib.RAM256X1S_HD721
Compiling module xil_defaultlib.RAM256X1S_HD722
Compiling module xil_defaultlib.RAM256X1S_HD723
Compiling module xil_defaultlib.RAM256X1S_HD724
Compiling module xil_defaultlib.RAM256X1S_HD725
Compiling module xil_defaultlib.RAM256X1S_HD726
Compiling module xil_defaultlib.RAM256X1S_HD727
Compiling module xil_defaultlib.RAM256X1S_HD728
Compiling module xil_defaultlib.RAM256X1S_HD729
Compiling module xil_defaultlib.RAM256X1S_HD730
Compiling module xil_defaultlib.RAM256X1S_HD731
Compiling module xil_defaultlib.RAM256X1S_HD732
Compiling module xil_defaultlib.RAM256X1S_HD733
Compiling module xil_defaultlib.RAM256X1S_HD734
Compiling module xil_defaultlib.RAM256X1S_HD735
Compiling module xil_defaultlib.RAM256X1S_HD736
Compiling module xil_defaultlib.RAM256X1S_HD737
Compiling module xil_defaultlib.RAM256X1S_HD738
Compiling module xil_defaultlib.RAM256X1S_HD739
Compiling module xil_defaultlib.RAM256X1S_HD740
Compiling module xil_defaultlib.RAM256X1S_HD741
Compiling module xil_defaultlib.RAM256X1S_HD742
Compiling module xil_defaultlib.RAM256X1S_HD743
Compiling module xil_defaultlib.RAM256X1S_HD744
Compiling module xil_defaultlib.RAM256X1S_HD745
Compiling module xil_defaultlib.RAM256X1S_HD746
Compiling module xil_defaultlib.RAM256X1S_HD747
Compiling module xil_defaultlib.RAM256X1S_HD748
Compiling module xil_defaultlib.RAM256X1S_HD749
Compiling module xil_defaultlib.RAM256X1S_HD750
Compiling module xil_defaultlib.RAM256X1S_HD751
Compiling module xil_defaultlib.RAM256X1S_HD752
Compiling module xil_defaultlib.RAM256X1S_HD753
Compiling module xil_defaultlib.RAM256X1S_HD754
Compiling module xil_defaultlib.RAM256X1S_HD755
Compiling module xil_defaultlib.RAM256X1S_HD756
Compiling module xil_defaultlib.RAM256X1S_HD757
Compiling module xil_defaultlib.RAM256X1S_HD758
Compiling module xil_defaultlib.RAM256X1S_HD759
Compiling module xil_defaultlib.RAM256X1S_HD760
Compiling module xil_defaultlib.RAM256X1S_HD761
Compiling module xil_defaultlib.RAM256X1S_HD762
Compiling module xil_defaultlib.data_memory
Compiling module simprims_ver.x_lut1_mux2
Compiling module simprims_ver.LUT1(INIT=2'b01)
Compiling module simprims_ver.FDCE_default
Compiling module simprims_ver.CARRY4
Compiling module xil_defaultlib.SevenSegController
Compiling module xil_defaultlib.MemoryStage
Compiling architecture behavioral of entity xil_defaultlib.memorystage_tb
Built simulation snapshot MemoryStage_tb_time_impl
