INFO: [VRFC 10-2263] Analyzing Verilog file "C:/Users/Frank Andes/Documents/VScode_VHDL/DSD2-Lab5/VerToVhdl/VerToVhdl.sim/sim_1/impl/timing/xsim/MemoryStage_tb_time_impl.v" into library xil_defaultlib
INFO: [VRFC 10-311] analyzing module RAM256X1S_UNIQ_BASE_
INFO: [VRFC 10-311] analyzing module RAM256X1S_HD636
INFO: [VRFC 10-311] analyzing module RAM256X1S_HD637
INFO: [VRFC 10-311] analyzing module RAM256X1S_HD638
INFO: [VRFC 10-311] analyzing module RAM256X1S_HD639
INFO: [VRFC 10-311] analyzing module RAM256X1S_HD640
INFO: [VRFC 10-311] analyzing module RAM256X1S_HD641
INFO: [VRFC 10-311] analyzing module RAM256X1S_HD642
INFO: [VRFC 10-311] analyzing module RAM256X1S_HD643
INFO: [VRFC 10-311] analyzing module RAM256X1S_HD644
INFO: [VRFC 10-311] analyzing module RAM256X1S_HD645
INFO: [VRFC 10-311] analyzing module RAM256X1S_HD646
INFO: [VRFC 10-311] analyzing module RAM256X1S_HD647
INFO: [VRFC 10-311] analyzing module RAM256X1S_HD648
INFO: [VRFC 10-311] analyzing module RAM256X1S_HD649
INFO: [VRFC 10-311] analyzing module RAM256X1S_HD650
INFO: [VRFC 10-311] analyzing module RAM256X1S_HD651
INFO: [VRFC 10-311] analyzing module RAM256X1S_HD652
INFO: [VRFC 10-311] analyzing module RAM256X1S_HD653
INFO: [VRFC 10-311] analyzing module RAM256X1S_HD654
INFO: [VRFC 10-311] analyzing module RAM256X1S_HD655
INFO: [VRFC 10-311] analyzing module RAM256X1S_HD656
INFO: [VRFC 10-311] analyzing module RAM256X1S_HD657
INFO: [VRFC 10-311] analyzing module RAM256X1S_HD658
INFO: [VRFC 10-311] analyzing module RAM256X1S_HD659
INFO: [VRFC 10-311] analyzing module RAM256X1S_HD660
INFO: [VRFC 10-311] analyzing module RAM256X1S_HD661
INFO: [VRFC 10-311] analyzing module RAM256X1S_HD662
INFO: [VRFC 10-311] analyzing module RAM256X1S_HD663
INFO: [VRFC 10-311] analyzing module RAM256X1S_HD664
INFO: [VRFC 10-311] analyzing module RAM256X1S_HD665
INFO: [VRFC 10-311] analyzing module RAM256X1S_HD666
INFO: [VRFC 10-311] analyzing module RAM256X1S_HD667
INFO: [VRFC 10-311] analyzing module RAM256X1S_HD668
INFO: [VRFC 10-311] analyzing module RAM256X1S_HD669
INFO: [VRFC 10-311] analyzing module RAM256X1S_HD670
INFO: [VRFC 10-311] analyzing module RAM256X1S_HD671
INFO: [VRFC 10-311] analyzing module RAM256X1S_HD672
INFO: [VRFC 10-311] analyzing module RAM256X1S_HD673
INFO: [VRFC 10-311] analyzing module RAM256X1S_HD674
INFO: [VRFC 10-311] analyzing module RAM256X1S_HD675
INFO: [VRFC 10-311] analyzing module RAM256X1S_HD676
INFO: [VRFC 10-311] analyzing module RAM256X1S_HD677
INFO: [VRFC 10-311] analyzing module RAM256X1S_HD678
INFO: [VRFC 10-311] analyzing module RAM256X1S_HD679
INFO: [VRFC 10-311] analyzing module RAM256X1S_HD680
INFO: [VRFC 10-311] analyzing module RAM256X1S_HD681
INFO: [VRFC 10-311] analyzing module RAM256X1S_HD682
INFO: [VRFC 10-311] analyzing module RAM256X1S_HD683
INFO: [VRFC 10-311] analyzing module RAM256X1S_HD684
INFO: [VRFC 10-311] analyzing module RAM256X1S_HD685
INFO: [VRFC 10-311] analyzing module RAM256X1S_HD686
INFO: [VRFC 10-311] analyzing module RAM256X1S_HD687
INFO: [VRFC 10-311] analyzing module RAM256X1S_HD688
INFO: [VRFC 10-311] analyzing module RAM256X1S_HD689
INFO: [VRFC 10-311] analyzing module RAM256X1S_HD690
INFO: [VRFC 10-311] analyzing module RAM256X1S_HD691
INFO: [VRFC 10-311] analyzing module RAM256X1S_HD692
INFO: [VRFC 10-311] analyzing module RAM256X1S_HD693
INFO: [VRFC 10-311] analyzing module RAM256X1S_HD694
INFO: [VRFC 10-311] analyzing module RAM256X1S_HD695
INFO: [VRFC 10-311] analyzing module RAM256X1S_HD696
INFO: [VRFC 10-311] analyzing module RAM256X1S_HD697
INFO: [VRFC 10-311] analyzing module RAM256X1S_HD698
INFO: [VRFC 10-311] analyzing module RAM256X1S_HD699
INFO: [VRFC 10-311] analyzing module RAM256X1S_HD700
INFO: [VRFC 10-311] analyzing module RAM256X1S_HD701
INFO: [VRFC 10-311] analyzing module RAM256X1S_HD702
INFO: [VRFC 10-311] analyzing module RAM256X1S_HD703
INFO: [VRFC 10-311] analyzing module RAM256X1S_HD704
INFO: [VRFC 10-311] analyzing module RAM256X1S_HD705
INFO: [VRFC 10-311] analyzing module RAM256X1S_HD706
INFO: [VRFC 10-311] analyzing module RAM256X1S_HD707
INFO: [VRFC 10-311] analyzing module RAM256X1S_HD708
INFO: [VRFC 10-311] analyzing module RAM256X1S_HD709
INFO: [VRFC 10-311] analyzing module RAM256X1S_HD710
INFO: [VRFC 10-311] analyzing module RAM256X1S_HD711
INFO: [VRFC 10-311] analyzing module RAM256X1S_HD712
INFO: [VRFC 10-311] analyzing module RAM256X1S_HD713
INFO: [VRFC 10-311] analyzing module RAM256X1S_HD714
INFO: [VRFC 10-311] analyzing module RAM256X1S_HD715
INFO: [VRFC 10-311] analyzing module RAM256X1S_HD716
INFO: [VRFC 10-311] analyzing module RAM256X1S_HD717
INFO: [VRFC 10-311] analyzing module RAM256X1S_HD718
INFO: [VRFC 10-311] analyzing module RAM256X1S_HD719
INFO: [VRFC 10-311] analyzing module RAM256X1S_HD720
INFO: [VRFC 10-311] analyzing module RAM256X1S_HD721
INFO: [VRFC 10-311] analyzing module RAM256X1S_HD722
INFO: [VRFC 10-311] analyzing module RAM256X1S_HD723
INFO: [VRFC 10-311] analyzing module RAM256X1S_HD724
INFO: [VRFC 10-311] analyzing module RAM256X1S_HD725
INFO: [VRFC 10-311] analyzing module RAM256X1S_HD726
INFO: [VRFC 10-311] analyzing module RAM256X1S_HD727
INFO: [VRFC 10-311] analyzing module RAM256X1S_HD728
INFO: [VRFC 10-311] analyzing module RAM256X1S_HD729
INFO: [VRFC 10-311] analyzing module RAM256X1S_HD730
INFO: [VRFC 10-311] analyzing module RAM256X1S_HD731
INFO: [VRFC 10-311] analyzing module RAM256X1S_HD732
INFO: [VRFC 10-311] analyzing module RAM256X1S_HD733
INFO: [VRFC 10-311] analyzing module RAM256X1S_HD734
INFO: [VRFC 10-311] analyzing module RAM256X1S_HD735
INFO: [VRFC 10-311] analyzing module RAM256X1S_HD736
INFO: [VRFC 10-311] analyzing module RAM256X1S_HD737
INFO: [VRFC 10-311] analyzing module RAM256X1S_HD738
INFO: [VRFC 10-311] analyzing module RAM256X1S_HD739
INFO: [VRFC 10-311] analyzing module RAM256X1S_HD740
INFO: [VRFC 10-311] analyzing module RAM256X1S_HD741
INFO: [VRFC 10-311] analyzing module RAM256X1S_HD742
INFO: [VRFC 10-311] analyzing module RAM256X1S_HD743
INFO: [VRFC 10-311] analyzing module RAM256X1S_HD744
INFO: [VRFC 10-311] analyzing module RAM256X1S_HD745
INFO: [VRFC 10-311] analyzing module RAM256X1S_HD746
INFO: [VRFC 10-311] analyzing module RAM256X1S_HD747
INFO: [VRFC 10-311] analyzing module RAM256X1S_HD748
INFO: [VRFC 10-311] analyzing module RAM256X1S_HD749
INFO: [VRFC 10-311] analyzing module RAM256X1S_HD750
INFO: [VRFC 10-311] analyzing module RAM256X1S_HD751
INFO: [VRFC 10-311] analyzing module RAM256X1S_HD752
INFO: [VRFC 10-311] analyzing module RAM256X1S_HD753
INFO: [VRFC 10-311] analyzing module RAM256X1S_HD754
INFO: [VRFC 10-311] analyzing module RAM256X1S_HD755
INFO: [VRFC 10-311] analyzing module RAM256X1S_HD756
INFO: [VRFC 10-311] analyzing module RAM256X1S_HD757
INFO: [VRFC 10-311] analyzing module RAM256X1S_HD758
INFO: [VRFC 10-311] analyzing module RAM256X1S_HD759
INFO: [VRFC 10-311] analyzing module RAM256X1S_HD760
INFO: [VRFC 10-311] analyzing module RAM256X1S_HD761
INFO: [VRFC 10-311] analyzing module RAM256X1S_HD762
INFO: [VRFC 10-311] analyzing module MemoryStage
INFO: [VRFC 10-311] analyzing module SevenSegController
INFO: [VRFC 10-311] analyzing module data_memory
INFO: [VRFC 10-311] analyzing module glbl
